-- The C compiler identification is GNU 11.4.0
-- The CXX compiler identification is GNU 11.4.0
-- Detecting C compiler ABI info
-- Detecting C compiler ABI info - done
-- Check for working C compiler: /usr/bin/cc - skipped
-- Detecting C compile features
-- Detecting C compile features - done
-- Detecting CXX compiler ABI info
-- Detecting CXX compiler ABI info - done
-- Check for working CXX compiler: /usr/bin/c++ - skipped
-- Detecting CXX compile features
-- Detecting CXX compile features - done
-- Found ament_cmake: 1.3.14 (/opt/ros/humble/share/ament_cmake/cmake)
-- Found Python3: /usr/bin/python3 (found version "3.10.12") found components: Interpreter 
-- Found rosidl_default_generators: 1.2.1 (/opt/ros/humble/share/rosidl_default_generators/cmake)
-- Using all available rosidl_typesupport_c: rosidl_typesupport_fastrtps_c;rosidl_typesupport_introspection_c
-- Found rosidl_adapter: 3.1.8 (/opt/ros/humble/share/rosidl_adapter/cmake)
-- Using all available rosidl_typesupport_cpp: rosidl_typesupport_fastrtps_cpp;rosidl_typesupport_introspection_cpp
-- Found ament_cmake_ros: 0.10.0 (/opt/ros/humble/share/ament_cmake_ros/cmake)
-- Using all available rosidl_typesupport_c: rosidl_typesupport_fastrtps_c;rosidl_typesupport_introspection_c
-- Using all available rosidl_typesupport_cpp: rosidl_typesupport_fastrtps_cpp;rosidl_typesupport_introspection_cpp
-- Found PythonInterp: /usr/bin/python3 (found suitable version "3.10.12", minimum required is "3.6") 
-- Found python_cmake_module: 0.10.0 (/opt/ros/humble/share/python_cmake_module/cmake)
-- Found PythonLibs: /usr/lib/x86_64-linux-gnu/libpython3.10.so (found suitable version "3.10.12", minimum required is "3.5") 
-- Using PYTHON_EXECUTABLE: /usr/bin/python3
-- Using PYTHON_INCLUDE_DIRS: /usr/include/python3.10
-- Using PYTHON_LIBRARIES: /usr/lib/x86_64-linux-gnu/libpython3.10.so
-- Found PythonExtra: .so  
-- Configuring done
-- Generating done
-- Build files have been written to: /home/omi/my_service_ws/build/my_service_interfaces
[  3%] [34m[1mGenerating C code for ROS interfaces[0m
[  6%] [34m[1mGenerating C++ code for ROS interfaces[0m
[  9%] [34m[1mGenerating Rust code for ROS interfaces[0m
[  9%] Built target ament_cmake_python_copy_my_service_interfaces
[  9%] Built target my_service_interfaces__rs
running egg_info
creating my_service_interfaces.egg-info
writing my_service_interfaces.egg-info/PKG-INFO
writing dependency_links to my_service_interfaces.egg-info/dependency_links.txt
writing top-level names to my_service_interfaces.egg-info/top_level.txt
writing manifest file 'my_service_interfaces.egg-info/SOURCES.txt'
reading manifest file 'my_service_interfaces.egg-info/SOURCES.txt'
writing manifest file 'my_service_interfaces.egg-info/SOURCES.txt'
[  9%] Built target my_service_interfaces__cpp
[ 12%] [32mBuilding C object CMakeFiles/my_service_interfaces__rosidl_generator_c.dir/rosidl_generator_c/my_service_interfaces/srv/detail/reset_counter__functions.c.o[0m
[ 21%] [34m[1mGenerating C++ type support for eProsima Fast-RTPS[0m
[ 21%] [34m[1mGenerating C++ type support dispatch for ROS interfaces[0m
[ 21%] [34m[1mGenerating C++ introspection for ROS interfaces[0m
[ 21%] Built target ament_cmake_python_build_my_service_interfaces_egg
[ 25%] [32m[1mLinking C shared library libmy_service_interfaces__rosidl_generator_c.so[0m
[ 25%] Built target my_service_interfaces__rosidl_generator_c
[ 28%] [34m[1mGenerating C introspection for ROS interfaces[0m
[ 34%] [34m[1mGenerating C type support dispatch for ROS interfaces[0m
[ 34%] [34m[1mGenerating C type support for eProsima Fast-RTPS[0m
[ 37%] [32mBuilding CXX object CMakeFiles/my_service_interfaces__rosidl_typesupport_cpp.dir/rosidl_typesupport_cpp/my_service_interfaces/srv/reset_counter__type_support.cpp.o[0m
[ 40%] [32mBuilding CXX object CMakeFiles/my_service_interfaces__rosidl_typesupport_introspection_cpp.dir/rosidl_typesupport_introspection_cpp/my_service_interfaces/srv/detail/reset_counter__type_support.cpp.o[0m
[ 43%] [32mBuilding CXX object CMakeFiles/my_service_interfaces__rosidl_typesupport_fastrtps_cpp.dir/rosidl_typesupport_fastrtps_cpp/my_service_interfaces/srv/detail/dds_fastrtps/reset_counter__type_support.cpp.o[0m
[ 46%] [32mBuilding CXX object CMakeFiles/my_service_interfaces__rosidl_typesupport_c.dir/rosidl_typesupport_c/my_service_interfaces/srv/reset_counter__type_support.cpp.o[0m
[ 50%] [32mBuilding C object CMakeFiles/my_service_interfaces__rosidl_typesupport_introspection_c.dir/rosidl_typesupport_introspection_c/my_service_interfaces/srv/detail/reset_counter__type_support.c.o[0m
[ 53%] [32m[1mLinking CXX shared library libmy_service_interfaces__rosidl_typesupport_c.so[0m
[ 56%] [32mBuilding CXX object CMakeFiles/my_service_interfaces__rosidl_typesupport_fastrtps_c.dir/rosidl_typesupport_fastrtps_c/my_service_interfaces/srv/detail/reset_counter__type_support_c.cpp.o[0m
[ 59%] [32m[1mLinking C shared library libmy_service_interfaces__rosidl_typesupport_introspection_c.so[0m
[ 59%] Built target my_service_interfaces__rosidl_typesupport_c
[ 59%] Built target my_service_interfaces__rosidl_typesupport_introspection_c
[ 62%] [32m[1mLinking CXX shared library libmy_service_interfaces__rosidl_typesupport_cpp.so[0m
[ 62%] Built target my_service_interfaces__rosidl_typesupport_cpp
[ 65%] [32m[1mLinking CXX shared library libmy_service_interfaces__rosidl_typesupport_introspection_cpp.so[0m
[ 68%] [32m[1mLinking CXX shared library libmy_service_interfaces__rosidl_typesupport_fastrtps_cpp.so[0m
[ 68%] Built target my_service_interfaces__rosidl_typesupport_introspection_cpp
[ 71%] [32m[1mLinking CXX shared library libmy_service_interfaces__rosidl_typesupport_fastrtps_c.so[0m
[ 71%] Built target my_service_interfaces__rosidl_typesupport_fastrtps_cpp
[ 71%] Built target my_service_interfaces__rosidl_typesupport_fastrtps_c
[ 71%] Built target my_service_interfaces
[ 75%] [34m[1mGenerating Python code for ROS interfaces[0m
[ 75%] Built target my_service_interfaces__py
[ 78%] [32mBuilding C object CMakeFiles/my_service_interfaces__rosidl_generator_py.dir/rosidl_generator_py/my_service_interfaces/srv/_reset_counter_s.c.o[0m
[ 81%] [32m[1mLinking C shared library rosidl_generator_py/my_service_interfaces/libmy_service_interfaces__rosidl_generator_py.so[0m
[ 81%] Built target my_service_interfaces__rosidl_generator_py
[ 84%] [32mBuilding C object CMakeFiles/my_service_interfaces__rosidl_typesupport_c__pyext.dir/rosidl_generator_py/my_service_interfaces/_my_service_interfaces_s.ep.rosidl_typesupport_c.c.o[0m
[ 87%] [32mBuilding C object CMakeFiles/my_service_interfaces__rosidl_typesupport_fastrtps_c__pyext.dir/rosidl_generator_py/my_service_interfaces/_my_service_interfaces_s.ep.rosidl_typesupport_fastrtps_c.c.o[0m
[ 90%] [32mBuilding C object CMakeFiles/my_service_interfaces__rosidl_typesupport_introspection_c__pyext.dir/rosidl_generator_py/my_service_interfaces/_my_service_interfaces_s.ep.rosidl_typesupport_introspection_c.c.o[0m
[ 93%] [32m[1mLinking C shared library rosidl_generator_py/my_service_interfaces/my_service_interfaces_s__rosidl_typesupport_c.cpython-310-x86_64-linux-gnu.so[0m
[ 96%] [32m[1mLinking C shared library rosidl_generator_py/my_service_interfaces/my_service_interfaces_s__rosidl_typesupport_introspection_c.cpython-310-x86_64-linux-gnu.so[0m
[100%] [32m[1mLinking C shared library rosidl_generator_py/my_service_interfaces/my_service_interfaces_s__rosidl_typesupport_fastrtps_c.cpython-310-x86_64-linux-gnu.so[0m
[100%] Built target my_service_interfaces__rosidl_typesupport_c__pyext
[100%] Built target my_service_interfaces__rosidl_typesupport_introspection_c__pyext
[100%] Built target my_service_interfaces__rosidl_typesupport_fastrtps_c__pyext
-- Install configuration: ""
-- Installing: /home/omi/my_service_ws/install/my_service_interfaces/share/ament_index/resource_index/rosidl_interfaces/my_service_interfaces
-- Installing: /home/omi/my_service_ws/install/my_service_interfaces/include/my_service_interfaces/my_service_interfaces
-- Installing: /home/omi/my_service_ws/install/my_service_interfaces/include/my_service_interfaces/my_service_interfaces/srv
-- Installing: /home/omi/my_service_ws/install/my_service_interfaces/include/my_service_interfaces/my_service_interfaces/srv/reset_counter.h
-- Installing: /home/omi/my_service_ws/install/my_service_interfaces/include/my_service_interfaces/my_service_interfaces/srv/detail
-- Installing: /home/omi/my_service_ws/install/my_service_interfaces/include/my_service_interfaces/my_service_interfaces/srv/detail/reset_counter__struct.h
-- Installing: /home/omi/my_service_ws/install/my_service_interfaces/include/my_service_interfaces/my_service_interfaces/srv/detail/reset_counter__functions.h
-- Installing: /home/omi/my_service_ws/install/my_service_interfaces/include/my_service_interfaces/my_service_interfaces/srv/detail/reset_counter__functions.c
-- Installing: /home/omi/my_service_ws/install/my_service_interfaces/include/my_service_interfaces/my_service_interfaces/srv/detail/reset_counter__type_support.h
-- Installing: /home/omi/my_service_ws/install/my_service_interfaces/include/my_service_interfaces/my_service_interfaces/msg
-- Installing: /home/omi/my_service_ws/install/my_service_interfaces/include/my_service_interfaces/my_service_interfaces/msg/rosidl_generator_c__visibility_control.h
-- Installing: /home/omi/my_service_ws/install/my_service_interfaces/share/my_service_interfaces/environment/library_path.sh
-- Installing: /home/omi/my_service_ws/install/my_service_interfaces/share/my_service_interfaces/environment/library_path.dsv
-- Installing: /home/omi/my_service_ws/install/my_service_interfaces/lib/libmy_service_interfaces__rosidl_generator_c.so
-- Set runtime path of "/home/omi/my_service_ws/install/my_service_interfaces/lib/libmy_service_interfaces__rosidl_generator_c.so" to ""
-- Up-to-date: /home/omi/my_service_ws/install/my_service_interfaces/include/my_service_interfaces/my_service_interfaces
-- Up-to-date: /home/omi/my_service_ws/install/my_service_interfaces/include/my_service_interfaces/my_service_interfaces/srv
-- Up-to-date: /home/omi/my_service_ws/install/my_service_interfaces/include/my_service_interfaces/my_service_interfaces/srv/detail
-- Installing: /home/omi/my_service_ws/install/my_service_interfaces/include/my_service_interfaces/my_service_interfaces/srv/detail/reset_counter__rosidl_typesupport_fastrtps_c.h
-- Up-to-date: /home/omi/my_service_ws/install/my_service_interfaces/include/my_service_interfaces/my_service_interfaces/msg
-- Installing: /home/omi/my_service_ws/install/my_service_interfaces/include/my_service_interfaces/my_service_interfaces/msg/rosidl_typesupport_fastrtps_c__visibility_control.h
-- Installing: /home/omi/my_service_ws/install/my_service_interfaces/lib/libmy_service_interfaces__rosidl_typesupport_fastrtps_c.so
-- Set runtime path of "/home/omi/my_service_ws/install/my_service_interfaces/lib/libmy_service_interfaces__rosidl_typesupport_fastrtps_c.so" to ""
-- Up-to-date: /home/omi/my_service_ws/install/my_service_interfaces/include/my_service_interfaces/my_service_interfaces
-- Up-to-date: /home/omi/my_service_ws/install/my_service_interfaces/include/my_service_interfaces/my_service_interfaces/srv
-- Up-to-date: /home/omi/my_service_ws/install/my_service_interfaces/include/my_service_interfaces/my_service_interfaces/srv/detail
-- Installing: /home/omi/my_service_ws/install/my_service_interfaces/include/my_service_interfaces/my_service_interfaces/srv/detail/reset_counter__rosidl_typesupport_introspection_c.h
-- Installing: /home/omi/my_service_ws/install/my_service_interfaces/include/my_service_interfaces/my_service_interfaces/srv/detail/reset_counter__type_support.c
-- Up-to-date: /home/omi/my_service_ws/install/my_service_interfaces/include/my_service_interfaces/my_service_interfaces/msg
-- Installing: /home/omi/my_service_ws/install/my_service_interfaces/include/my_service_interfaces/my_service_interfaces/msg/rosidl_typesupport_introspection_c__visibility_control.h
-- Installing: /home/omi/my_service_ws/install/my_service_interfaces/lib/libmy_service_interfaces__rosidl_typesupport_introspection_c.so
-- Set runtime path of "/home/omi/my_service_ws/install/my_service_interfaces/lib/libmy_service_interfaces__rosidl_typesupport_introspection_c.so" to ""
-- Installing: /home/omi/my_service_ws/install/my_service_interfaces/lib/libmy_service_interfaces__rosidl_typesupport_c.so
-- Set runtime path of "/home/omi/my_service_ws/install/my_service_interfaces/lib/libmy_service_interfaces__rosidl_typesupport_c.so" to ""
-- Up-to-date: /home/omi/my_service_ws/install/my_service_interfaces/include/my_service_interfaces/my_service_interfaces
-- Up-to-date: /home/omi/my_service_ws/install/my_service_interfaces/include/my_service_interfaces/my_service_interfaces/srv
-- Up-to-date: /home/omi/my_service_ws/install/my_service_interfaces/include/my_service_interfaces/my_service_interfaces/srv/detail
-- Installing: /home/omi/my_service_ws/install/my_service_interfaces/include/my_service_interfaces/my_service_interfaces/srv/detail/reset_counter__type_support.hpp
-- Installing: /home/omi/my_service_ws/install/my_service_interfaces/include/my_service_interfaces/my_service_interfaces/srv/detail/reset_counter__traits.hpp
-- Installing: /home/omi/my_service_ws/install/my_service_interfaces/include/my_service_interfaces/my_service_interfaces/srv/detail/reset_counter__builder.hpp
-- Installing: /home/omi/my_service_ws/install/my_service_interfaces/include/my_service_interfaces/my_service_interfaces/srv/detail/reset_counter__struct.hpp
-- Installing: /home/omi/my_service_ws/install/my_service_interfaces/include/my_service_interfaces/my_service_interfaces/srv/reset_counter.hpp
-- Up-to-date: /home/omi/my_service_ws/install/my_service_interfaces/include/my_service_interfaces/my_service_interfaces/msg
-- Installing: /home/omi/my_service_ws/install/my_service_interfaces/include/my_service_interfaces/my_service_interfaces/msg/rosidl_generator_cpp__visibility_control.hpp
-- Up-to-date: /home/omi/my_service_ws/install/my_service_interfaces/include/my_service_interfaces/my_service_interfaces
-- Up-to-date: /home/omi/my_service_ws/install/my_service_interfaces/include/my_service_interfaces/my_service_interfaces/srv
-- Up-to-date: /home/omi/my_service_ws/install/my_service_interfaces/include/my_service_interfaces/my_service_interfaces/srv/detail
-- Installing: /home/omi/my_service_ws/install/my_service_interfaces/include/my_service_interfaces/my_service_interfaces/srv/detail/dds_fastrtps
-- Installing: /home/omi/my_service_ws/install/my_service_interfaces/include/my_service_interfaces/my_service_interfaces/srv/detail/reset_counter__rosidl_typesupport_fastrtps_cpp.hpp
-- Up-to-date: /home/omi/my_service_ws/install/my_service_interfaces/include/my_service_interfaces/my_service_interfaces/msg
-- Installing: /home/omi/my_service_ws/install/my_service_interfaces/include/my_service_interfaces/my_service_interfaces/msg/rosidl_typesupport_fastrtps_cpp__visibility_control.h
-- Installing: /home/omi/my_service_ws/install/my_service_interfaces/lib/libmy_service_interfaces__rosidl_typesupport_fastrtps_cpp.so
-- Set runtime path of "/home/omi/my_service_ws/install/my_service_interfaces/lib/libmy_service_interfaces__rosidl_typesupport_fastrtps_cpp.so" to ""
-- Up-to-date: /home/omi/my_service_ws/install/my_service_interfaces/include/my_service_interfaces/my_service_interfaces
-- Up-to-date: /home/omi/my_service_ws/install/my_service_interfaces/include/my_service_interfaces/my_service_interfaces/srv
-- Up-to-date: /home/omi/my_service_ws/install/my_service_interfaces/include/my_service_interfaces/my_service_interfaces/srv/detail
-- Installing: /home/omi/my_service_ws/install/my_service_interfaces/include/my_service_interfaces/my_service_interfaces/srv/detail/reset_counter__rosidl_typesupport_introspection_cpp.hpp
-- Installing: /home/omi/my_service_ws/install/my_service_interfaces/include/my_service_interfaces/my_service_interfaces/srv/detail/reset_counter__type_support.cpp
-- Installing: /home/omi/my_service_ws/install/my_service_interfaces/lib/libmy_service_interfaces__rosidl_typesupport_introspection_cpp.so
-- Set runtime path of "/home/omi/my_service_ws/install/my_service_interfaces/lib/libmy_service_interfaces__rosidl_typesupport_introspection_cpp.so" to ""
-- Installing: /home/omi/my_service_ws/install/my_service_interfaces/lib/libmy_service_interfaces__rosidl_typesupport_cpp.so
-- Set runtime path of "/home/omi/my_service_ws/install/my_service_interfaces/lib/libmy_service_interfaces__rosidl_typesupport_cpp.so" to ""
-- Installing: /home/omi/my_service_ws/install/my_service_interfaces/share/my_service_interfaces/environment/pythonpath.sh
-- Installing: /home/omi/my_service_ws/install/my_service_interfaces/share/my_service_interfaces/environment/pythonpath.dsv
-- Installing: /home/omi/my_service_ws/install/my_service_interfaces/local/lib/python3.10/dist-packages/my_service_interfaces-0.0.0-py3.10.egg-info
-- Installing: /home/omi/my_service_ws/install/my_service_interfaces/local/lib/python3.10/dist-packages/my_service_interfaces-0.0.0-py3.10.egg-info/dependency_links.txt
-- Installing: /home/omi/my_service_ws/install/my_service_interfaces/local/lib/python3.10/dist-packages/my_service_interfaces-0.0.0-py3.10.egg-info/SOURCES.txt
-- Installing: /home/omi/my_service_ws/install/my_service_interfaces/local/lib/python3.10/dist-packages/my_service_interfaces-0.0.0-py3.10.egg-info/top_level.txt
-- Installing: /home/omi/my_service_ws/install/my_service_interfaces/local/lib/python3.10/dist-packages/my_service_interfaces-0.0.0-py3.10.egg-info/PKG-INFO
-- Installing: /home/omi/my_service_ws/install/my_service_interfaces/local/lib/python3.10/dist-packages/my_service_interfaces
-- Installing: /home/omi/my_service_ws/install/my_service_interfaces/local/lib/python3.10/dist-packages/my_service_interfaces/__init__.py
-- Installing: /home/omi/my_service_ws/install/my_service_interfaces/local/lib/python3.10/dist-packages/my_service_interfaces/my_service_interfaces_s__rosidl_typesupport_c.cpython-310-x86_64-linux-gnu.so
-- Installing: /home/omi/my_service_ws/install/my_service_interfaces/local/lib/python3.10/dist-packages/my_service_interfaces/srv
-- Installing: /home/omi/my_service_ws/install/my_service_interfaces/local/lib/python3.10/dist-packages/my_service_interfaces/srv/__init__.py
-- Installing: /home/omi/my_service_ws/install/my_service_interfaces/local/lib/python3.10/dist-packages/my_service_interfaces/srv/_reset_counter_s.c
-- Installing: /home/omi/my_service_ws/install/my_service_interfaces/local/lib/python3.10/dist-packages/my_service_interfaces/srv/_reset_counter.py
-- Installing: /home/omi/my_service_ws/install/my_service_interfaces/local/lib/python3.10/dist-packages/my_service_interfaces/libmy_service_interfaces__rosidl_generator_py.so
-- Installing: /home/omi/my_service_ws/install/my_service_interfaces/local/lib/python3.10/dist-packages/my_service_interfaces/_my_service_interfaces_s.ep.rosidl_typesupport_fastrtps_c.c
-- Installing: /home/omi/my_service_ws/install/my_service_interfaces/local/lib/python3.10/dist-packages/my_service_interfaces/my_service_interfaces_s__rosidl_typesupport_introspection_c.cpython-310-x86_64-linux-gnu.so
-- Installing: /home/omi/my_service_ws/install/my_service_interfaces/local/lib/python3.10/dist-packages/my_service_interfaces/my_service_interfaces_s__rosidl_typesupport_fastrtps_c.cpython-310-x86_64-linux-gnu.so
-- Installing: /home/omi/my_service_ws/install/my_service_interfaces/local/lib/python3.10/dist-packages/my_service_interfaces/_my_service_interfaces_s.ep.rosidl_typesupport_introspection_c.c
-- Installing: /home/omi/my_service_ws/install/my_service_interfaces/local/lib/python3.10/dist-packages/my_service_interfaces/_my_service_interfaces_s.ep.rosidl_typesupport_c.c
Listing '/home/omi/my_service_ws/install/my_service_interfaces/local/lib/python3.10/dist-packages/my_service_interfaces'...
Compiling '/home/omi/my_service_ws/install/my_service_interfaces/local/lib/python3.10/dist-packages/my_service_interfaces/__init__.py'...
Listing '/home/omi/my_service_ws/install/my_service_interfaces/local/lib/python3.10/dist-packages/my_service_interfaces/srv'...
Compiling '/home/omi/my_service_ws/install/my_service_interfaces/local/lib/python3.10/dist-packages/my_service_interfaces/srv/__init__.py'...
Compiling '/home/omi/my_service_ws/install/my_service_interfaces/local/lib/python3.10/dist-packages/my_service_interfaces/srv/_reset_counter.py'...
-- Installing: /home/omi/my_service_ws/install/my_service_interfaces/local/lib/python3.10/dist-packages/my_service_interfaces/my_service_interfaces_s__rosidl_typesupport_fastrtps_c.cpython-310-x86_64-linux-gnu.so
-- Set runtime path of "/home/omi/my_service_ws/install/my_service_interfaces/local/lib/python3.10/dist-packages/my_service_interfaces/my_service_interfaces_s__rosidl_typesupport_fastrtps_c.cpython-310-x86_64-linux-gnu.so" to ""
-- Installing: /home/omi/my_service_ws/install/my_service_interfaces/local/lib/python3.10/dist-packages/my_service_interfaces/my_service_interfaces_s__rosidl_typesupport_introspection_c.cpython-310-x86_64-linux-gnu.so
-- Set runtime path of "/home/omi/my_service_ws/install/my_service_interfaces/local/lib/python3.10/dist-packages/my_service_interfaces/my_service_interfaces_s__rosidl_typesupport_introspection_c.cpython-310-x86_64-linux-gnu.so" to ""
-- Installing: /home/omi/my_service_ws/install/my_service_interfaces/local/lib/python3.10/dist-packages/my_service_interfaces/my_service_interfaces_s__rosidl_typesupport_c.cpython-310-x86_64-linux-gnu.so
-- Set runtime path of "/home/omi/my_service_ws/install/my_service_interfaces/local/lib/python3.10/dist-packages/my_service_interfaces/my_service_interfaces_s__rosidl_typesupport_c.cpython-310-x86_64-linux-gnu.so" to ""
-- Installing: /home/omi/my_service_ws/install/my_service_interfaces/lib/libmy_service_interfaces__rosidl_generator_py.so
-- Set runtime path of "/home/omi/my_service_ws/install/my_service_interfaces/lib/libmy_service_interfaces__rosidl_generator_py.so" to ""
-- Installing: /home/omi/my_service_ws/install/my_service_interfaces/share/ament_index/resource_index/rust_packages/my_service_interfaces
-- Installing: /home/omi/my_service_ws/install/my_service_interfaces/share/my_service_interfaces/rust
-- Installing: /home/omi/my_service_ws/install/my_service_interfaces/share/my_service_interfaces/rust/Cargo.toml
-- Installing: /home/omi/my_service_ws/install/my_service_interfaces/share/my_service_interfaces/rust/build.rs
-- Installing: /home/omi/my_service_ws/install/my_service_interfaces/share/my_service_interfaces/rust/src
-- Installing: /home/omi/my_service_ws/install/my_service_interfaces/share/my_service_interfaces/rust/src/srv
-- Installing: /home/omi/my_service_ws/install/my_service_interfaces/share/my_service_interfaces/rust/src/srv/rmw.rs
-- Installing: /home/omi/my_service_ws/install/my_service_interfaces/share/my_service_interfaces/rust/src/srv.rs
-- Installing: /home/omi/my_service_ws/install/my_service_interfaces/share/my_service_interfaces/rust/src/lib.rs
-- Installing: /home/omi/my_service_ws/install/my_service_interfaces/share/my_service_interfaces/srv/ResetCounter.idl
-- Installing: /home/omi/my_service_ws/install/my_service_interfaces/share/my_service_interfaces/srv/ResetCounter.srv
-- Installing: /home/omi/my_service_ws/install/my_service_interfaces/share/my_service_interfaces/srv/ResetCounter_Request.msg
-- Installing: /home/omi/my_service_ws/install/my_service_interfaces/share/my_service_interfaces/srv/ResetCounter_Response.msg
-- Installing: /home/omi/my_service_ws/install/my_service_interfaces/share/ament_index/resource_index/package_run_dependencies/my_service_interfaces
-- Installing: /home/omi/my_service_ws/install/my_service_interfaces/share/ament_index/resource_index/parent_prefix_path/my_service_interfaces
-- Installing: /home/omi/my_service_ws/install/my_service_interfaces/share/my_service_interfaces/environment/ament_prefix_path.sh
-- Installing: /home/omi/my_service_ws/install/my_service_interfaces/share/my_service_interfaces/environment/ament_prefix_path.dsv
-- Installing: /home/omi/my_service_ws/install/my_service_interfaces/share/my_service_interfaces/environment/path.sh
-- Installing: /home/omi/my_service_ws/install/my_service_interfaces/share/my_service_interfaces/environment/path.dsv
-- Installing: /home/omi/my_service_ws/install/my_service_interfaces/share/my_service_interfaces/local_setup.bash
-- Installing: /home/omi/my_service_ws/install/my_service_interfaces/share/my_service_interfaces/local_setup.sh
-- Installing: /home/omi/my_service_ws/install/my_service_interfaces/share/my_service_interfaces/local_setup.zsh
-- Installing: /home/omi/my_service_ws/install/my_service_interfaces/share/my_service_interfaces/local_setup.dsv
-- Installing: /home/omi/my_service_ws/install/my_service_interfaces/share/my_service_interfaces/package.dsv
-- Installing: /home/omi/my_service_ws/install/my_service_interfaces/share/ament_index/resource_index/packages/my_service_interfaces
-- Installing: /home/omi/my_service_ws/install/my_service_interfaces/share/my_service_interfaces/cmake/export_my_service_interfaces__rosidl_generator_cExport.cmake
-- Installing: /home/omi/my_service_ws/install/my_service_interfaces/share/my_service_interfaces/cmake/export_my_service_interfaces__rosidl_generator_cExport-noconfig.cmake
-- Installing: /home/omi/my_service_ws/install/my_service_interfaces/share/my_service_interfaces/cmake/export_my_service_interfaces__rosidl_typesupport_fastrtps_cExport.cmake
-- Installing: /home/omi/my_service_ws/install/my_service_interfaces/share/my_service_interfaces/cmake/export_my_service_interfaces__rosidl_typesupport_fastrtps_cExport-noconfig.cmake
-- Installing: /home/omi/my_service_ws/install/my_service_interfaces/share/my_service_interfaces/cmake/my_service_interfaces__rosidl_typesupport_introspection_cExport.cmake
-- Installing: /home/omi/my_service_ws/install/my_service_interfaces/share/my_service_interfaces/cmake/my_service_interfaces__rosidl_typesupport_introspection_cExport-noconfig.cmake
-- Installing: /home/omi/my_service_ws/install/my_service_interfaces/share/my_service_interfaces/cmake/my_service_interfaces__rosidl_typesupport_cExport.cmake
-- Installing: /home/omi/my_service_ws/install/my_service_interfaces/share/my_service_interfaces/cmake/my_service_interfaces__rosidl_typesupport_cExport-noconfig.cmake
-- Installing: /home/omi/my_service_ws/install/my_service_interfaces/share/my_service_interfaces/cmake/export_my_service_interfaces__rosidl_generator_cppExport.cmake
-- Installing: /home/omi/my_service_ws/install/my_service_interfaces/share/my_service_interfaces/cmake/export_my_service_interfaces__rosidl_typesupport_fastrtps_cppExport.cmake
-- Installing: /home/omi/my_service_ws/install/my_service_interfaces/share/my_service_interfaces/cmake/export_my_service_interfaces__rosidl_typesupport_fastrtps_cppExport-noconfig.cmake
-- Installing: /home/omi/my_service_ws/install/my_service_interfaces/share/my_service_interfaces/cmake/my_service_interfaces__rosidl_typesupport_introspection_cppExport.cmake
-- Installing: /home/omi/my_service_ws/install/my_service_interfaces/share/my_service_interfaces/cmake/my_service_interfaces__rosidl_typesupport_introspection_cppExport-noconfig.cmake
-- Installing: /home/omi/my_service_ws/install/my_service_interfaces/share/my_service_interfaces/cmake/my_service_interfaces__rosidl_typesupport_cppExport.cmake
-- Installing: /home/omi/my_service_ws/install/my_service_interfaces/share/my_service_interfaces/cmake/my_service_interfaces__rosidl_typesupport_cppExport-noconfig.cmake
-- Installing: /home/omi/my_service_ws/install/my_service_interfaces/share/my_service_interfaces/cmake/export_my_service_interfaces__rosidl_generator_pyExport.cmake
-- Installing: /home/omi/my_service_ws/install/my_service_interfaces/share/my_service_interfaces/cmake/export_my_service_interfaces__rosidl_generator_pyExport-noconfig.cmake
-- Installing: /home/omi/my_service_ws/install/my_service_interfaces/share/my_service_interfaces/cmake/rosidl_cmake-extras.cmake
-- Installing: /home/omi/my_service_ws/install/my_service_interfaces/share/my_service_interfaces/cmake/ament_cmake_export_include_directories-extras.cmake
-- Installing: /home/omi/my_service_ws/install/my_service_interfaces/share/my_service_interfaces/cmake/ament_cmake_export_libraries-extras.cmake
-- Installing: /home/omi/my_service_ws/install/my_service_interfaces/share/my_service_interfaces/cmake/ament_cmake_export_targets-extras.cmake
-- Installing: /home/omi/my_service_ws/install/my_service_interfaces/share/my_service_interfaces/cmake/rosidl_cmake_export_typesupport_targets-extras.cmake
-- Installing: /home/omi/my_service_ws/install/my_service_interfaces/share/my_service_interfaces/cmake/ament_cmake_export_dependencies-extras.cmake
-- Installing: /home/omi/my_service_ws/install/my_service_interfaces/share/my_service_interfaces/cmake/rosidl_cmake_export_typesupport_libraries-extras.cmake
-- Installing: /home/omi/my_service_ws/install/my_service_interfaces/share/my_service_interfaces/cmake/my_service_interfacesConfig.cmake
-- Installing: /home/omi/my_service_ws/install/my_service_interfaces/share/my_service_interfaces/cmake/my_service_interfacesConfig-version.cmake
-- Installing: /home/omi/my_service_ws/install/my_service_interfaces/share/my_service_interfaces/package.xml
