[0.007s] Invoking command in '/home/omi/my_service_ws/build/my_service_interfaces': CMAKE_PREFIX_PATH=${CMAKE_PREFIX_PATH}:/home/omi/ws_dec2/install/samplebot_description:/home/omi/ws_dec2/install/bot_slam:/home/omi/ws_dec2/install/bot_nav:/opt/ros/humble /usr/bin/cmake /home/omi/my_service_ws/src/my_service_interfaces -DCMAKE_INSTALL_PREFIX=/home/omi/my_service_ws/install/my_service_interfaces
[0.048s] -- The C compiler identification is GNU 11.4.0
[0.091s] -- The CXX compiler identification is GNU 11.4.0
[0.096s] -- Detecting C compiler ABI info
[0.154s] -- Detecting C compiler ABI info - done
[0.162s] -- Check for working C compiler: /usr/bin/cc - skipped
[0.162s] -- Detecting C compile features
[0.162s] -- Detecting C compile features - done
[0.165s] -- Detecting CXX compiler ABI info
[0.228s] -- Detecting CXX compiler ABI info - done
[0.233s] -- Check for working CXX compiler: /usr/bin/c++ - skipped
[0.233s] -- Detecting CXX compile features
[0.233s] -- Detecting CXX compile features - done
[0.235s] -- Found ament_cmake: 1.3.14 (/opt/ros/humble/share/ament_cmake/cmake)
[0.335s] -- Found Python3: /usr/bin/python3 (found version "3.10.12") found components: Interpreter 
[0.390s] -- Found rosidl_default_generators: 1.2.1 (/opt/ros/humble/share/rosidl_default_generators/cmake)
[0.392s] -- Using all available rosidl_typesupport_c: rosidl_typesupport_fastrtps_c;rosidl_typesupport_introspection_c
[0.396s] -- Found rosidl_adapter: 3.1.8 (/opt/ros/humble/share/rosidl_adapter/cmake)
[0.421s] -- Using all available rosidl_typesupport_cpp: rosidl_typesupport_fastrtps_cpp;rosidl_typesupport_introspection_cpp
[0.586s] -- Found ament_cmake_ros: 0.10.0 (/opt/ros/humble/share/ament_cmake_ros/cmake)
[0.698s] -- Using all available rosidl_typesupport_c: rosidl_typesupport_fastrtps_c;rosidl_typesupport_introspection_c
[0.859s] -- Using all available rosidl_typesupport_cpp: rosidl_typesupport_fastrtps_cpp;rosidl_typesupport_introspection_cpp
[0.875s] -- Found PythonInterp: /usr/bin/python3 (found suitable version "3.10.12", minimum required is "3.6") 
[0.876s] -- Found python_cmake_module: 0.10.0 (/opt/ros/humble/share/python_cmake_module/cmake)
[0.894s] -- Found PythonLibs: /usr/lib/x86_64-linux-gnu/libpython3.10.so (found suitable version "3.10.12", minimum required is "3.5") 
[0.894s] -- Using PYTHON_EXECUTABLE: /usr/bin/python3
[0.894s] -- Using PYTHON_INCLUDE_DIRS: /usr/include/python3.10
[0.894s] -- Using PYTHON_LIBRARIES: /usr/lib/x86_64-linux-gnu/libpython3.10.so
[0.912s] -- Found PythonExtra: .so  
[0.985s] -- Configuring done
[1.000s] -- Generating done
[1.005s] -- Build files have been written to: /home/omi/my_service_ws/build/my_service_interfaces
[1.010s] Invoked command in '/home/omi/my_service_ws/build/my_service_interfaces' returned '0': CMAKE_PREFIX_PATH=${CMAKE_PREFIX_PATH}:/home/omi/ws_dec2/install/samplebot_description:/home/omi/ws_dec2/install/bot_slam:/home/omi/ws_dec2/install/bot_nav:/opt/ros/humble /usr/bin/cmake /home/omi/my_service_ws/src/my_service_interfaces -DCMAKE_INSTALL_PREFIX=/home/omi/my_service_ws/install/my_service_interfaces
[1.011s] Invoking command in '/home/omi/my_service_ws/build/my_service_interfaces': CMAKE_PREFIX_PATH=${CMAKE_PREFIX_PATH}:/home/omi/ws_dec2/install/samplebot_description:/home/omi/ws_dec2/install/bot_slam:/home/omi/ws_dec2/install/bot_nav:/opt/ros/humble /usr/bin/cmake --build /home/omi/my_service_ws/build/my_service_interfaces -- -j16 -l16
[1.043s] [  3%] [34m[1mGenerating C code for ROS interfaces[0m
[1.046s] [  6%] [34m[1mGenerating C++ code for ROS interfaces[0m
[1.048s] [  9%] [34m[1mGenerating Rust code for ROS interfaces[0m
[1.050s] [  9%] Built target ament_cmake_python_copy_my_service_interfaces
[1.174s] [  9%] Built target my_service_interfaces__rs
[1.182s] running egg_info
[1.182s] creating my_service_interfaces.egg-info
[1.183s] writing my_service_interfaces.egg-info/PKG-INFO
[1.183s] writing dependency_links to my_service_interfaces.egg-info/dependency_links.txt
[1.183s] writing top-level names to my_service_interfaces.egg-info/top_level.txt
[1.183s] writing manifest file 'my_service_interfaces.egg-info/SOURCES.txt'
[1.184s] reading manifest file 'my_service_interfaces.egg-info/SOURCES.txt'
[1.184s] writing manifest file 'my_service_interfaces.egg-info/SOURCES.txt'
[1.190s] [  9%] Built target my_service_interfaces__cpp
[1.195s] [ 12%] [32mBuilding C object CMakeFiles/my_service_interfaces__rosidl_generator_c.dir/rosidl_generator_c/my_service_interfaces/srv/detail/reset_counter__functions.c.o[0m
[1.196s] [ 21%] [34m[1mGenerating C++ type support for eProsima Fast-RTPS[0m
[1.196s] [ 21%] [34m[1mGenerating C++ type support dispatch for ROS interfaces[0m
[1.196s] [ 21%] [34m[1mGenerating C++ introspection for ROS interfaces[0m
[1.202s] [ 21%] Built target ament_cmake_python_build_my_service_interfaces_egg
[1.230s] [ 25%] [32m[1mLinking C shared library libmy_service_interfaces__rosidl_generator_c.so[0m
[1.255s] [ 25%] Built target my_service_interfaces__rosidl_generator_c
[1.261s] [ 28%] [34m[1mGenerating C introspection for ROS interfaces[0m
[1.262s] [ 34%] [34m[1mGenerating C type support dispatch for ROS interfaces[0m
[1.262s] [ 34%] [34m[1mGenerating C type support for eProsima Fast-RTPS[0m
[1.326s] [ 37%] [32mBuilding CXX object CMakeFiles/my_service_interfaces__rosidl_typesupport_cpp.dir/rosidl_typesupport_cpp/my_service_interfaces/srv/reset_counter__type_support.cpp.o[0m
[1.337s] [ 40%] [32mBuilding CXX object CMakeFiles/my_service_interfaces__rosidl_typesupport_introspection_cpp.dir/rosidl_typesupport_introspection_cpp/my_service_interfaces/srv/detail/reset_counter__type_support.cpp.o[0m
[1.342s] [ 43%] [32mBuilding CXX object CMakeFiles/my_service_interfaces__rosidl_typesupport_fastrtps_cpp.dir/rosidl_typesupport_fastrtps_cpp/my_service_interfaces/srv/detail/dds_fastrtps/reset_counter__type_support.cpp.o[0m
[1.394s] [ 46%] [32mBuilding CXX object CMakeFiles/my_service_interfaces__rosidl_typesupport_c.dir/rosidl_typesupport_c/my_service_interfaces/srv/reset_counter__type_support.cpp.o[0m
[1.405s] [ 50%] [32mBuilding C object CMakeFiles/my_service_interfaces__rosidl_typesupport_introspection_c.dir/rosidl_typesupport_introspection_c/my_service_interfaces/srv/detail/reset_counter__type_support.c.o[0m
[1.414s] [ 53%] [32m[1mLinking CXX shared library libmy_service_interfaces__rosidl_typesupport_c.so[0m
[1.414s] [ 56%] [32mBuilding CXX object CMakeFiles/my_service_interfaces__rosidl_typesupport_fastrtps_c.dir/rosidl_typesupport_fastrtps_c/my_service_interfaces/srv/detail/reset_counter__type_support_c.cpp.o[0m
[1.426s] [ 59%] [32m[1mLinking C shared library libmy_service_interfaces__rosidl_typesupport_introspection_c.so[0m
[1.444s] [ 59%] Built target my_service_interfaces__rosidl_typesupport_c
[1.450s] [ 59%] Built target my_service_interfaces__rosidl_typesupport_introspection_c
[1.461s] [ 62%] [32m[1mLinking CXX shared library libmy_service_interfaces__rosidl_typesupport_cpp.so[0m
[1.489s] [ 62%] Built target my_service_interfaces__rosidl_typesupport_cpp
[1.535s] [ 65%] [32m[1mLinking CXX shared library libmy_service_interfaces__rosidl_typesupport_introspection_cpp.so[0m
[1.547s] [ 68%] [32m[1mLinking CXX shared library libmy_service_interfaces__rosidl_typesupport_fastrtps_cpp.so[0m
[1.572s] [ 68%] Built target my_service_interfaces__rosidl_typesupport_introspection_cpp
[1.592s] [ 71%] [32m[1mLinking CXX shared library libmy_service_interfaces__rosidl_typesupport_fastrtps_c.so[0m
[1.593s] [ 71%] Built target my_service_interfaces__rosidl_typesupport_fastrtps_cpp
[1.646s] [ 71%] Built target my_service_interfaces__rosidl_typesupport_fastrtps_c
[1.661s] [ 71%] Built target my_service_interfaces
[1.678s] [ 75%] [34m[1mGenerating Python code for ROS interfaces[0m
[1.853s] [ 75%] Built target my_service_interfaces__py
[1.866s] [ 78%] [32mBuilding C object CMakeFiles/my_service_interfaces__rosidl_generator_py.dir/rosidl_generator_py/my_service_interfaces/srv/_reset_counter_s.c.o[0m
[1.928s] [ 81%] [32m[1mLinking C shared library rosidl_generator_py/my_service_interfaces/libmy_service_interfaces__rosidl_generator_py.so[0m
[1.961s] [ 81%] Built target my_service_interfaces__rosidl_generator_py
[1.977s] [ 84%] [32mBuilding C object CMakeFiles/my_service_interfaces__rosidl_typesupport_c__pyext.dir/rosidl_generator_py/my_service_interfaces/_my_service_interfaces_s.ep.rosidl_typesupport_c.c.o[0m
[1.978s] [ 87%] [32mBuilding C object CMakeFiles/my_service_interfaces__rosidl_typesupport_fastrtps_c__pyext.dir/rosidl_generator_py/my_service_interfaces/_my_service_interfaces_s.ep.rosidl_typesupport_fastrtps_c.c.o[0m
[1.978s] [ 90%] [32mBuilding C object CMakeFiles/my_service_interfaces__rosidl_typesupport_introspection_c__pyext.dir/rosidl_generator_py/my_service_interfaces/_my_service_interfaces_s.ep.rosidl_typesupport_introspection_c.c.o[0m
[2.026s] [ 93%] [32m[1mLinking C shared library rosidl_generator_py/my_service_interfaces/my_service_interfaces_s__rosidl_typesupport_c.cpython-310-x86_64-linux-gnu.so[0m
[2.030s] [ 96%] [32m[1mLinking C shared library rosidl_generator_py/my_service_interfaces/my_service_interfaces_s__rosidl_typesupport_introspection_c.cpython-310-x86_64-linux-gnu.so[0m
[2.031s] [100%] [32m[1mLinking C shared library rosidl_generator_py/my_service_interfaces/my_service_interfaces_s__rosidl_typesupport_fastrtps_c.cpython-310-x86_64-linux-gnu.so[0m
[2.044s] [100%] Built target my_service_interfaces__rosidl_typesupport_c__pyext
[2.051s] [100%] Built target my_service_interfaces__rosidl_typesupport_introspection_c__pyext
[2.052s] [100%] Built target my_service_interfaces__rosidl_typesupport_fastrtps_c__pyext
[2.059s] Invoked command in '/home/omi/my_service_ws/build/my_service_interfaces' returned '0': CMAKE_PREFIX_PATH=${CMAKE_PREFIX_PATH}:/home/omi/ws_dec2/install/samplebot_description:/home/omi/ws_dec2/install/bot_slam:/home/omi/ws_dec2/install/bot_nav:/opt/ros/humble /usr/bin/cmake --build /home/omi/my_service_ws/build/my_service_interfaces -- -j16 -l16
[2.064s] Invoking command in '/home/omi/my_service_ws/build/my_service_interfaces': CMAKE_PREFIX_PATH=${CMAKE_PREFIX_PATH}:/home/omi/ws_dec2/install/samplebot_description:/home/omi/ws_dec2/install/bot_slam:/home/omi/ws_dec2/install/bot_nav:/opt/ros/humble /usr/bin/cmake --install /home/omi/my_service_ws/build/my_service_interfaces
[2.073s] -- Install configuration: ""
[2.073s] -- Installing: /home/omi/my_service_ws/install/my_service_interfaces/share/ament_index/resource_index/rosidl_interfaces/my_service_interfaces
[2.073s] -- Installing: /home/omi/my_service_ws/install/my_service_interfaces/include/my_service_interfaces/my_service_interfaces
[2.073s] -- Installing: /home/omi/my_service_ws/install/my_service_interfaces/include/my_service_interfaces/my_service_interfaces/srv
[2.073s] -- Installing: /home/omi/my_service_ws/install/my_service_interfaces/include/my_service_interfaces/my_service_interfaces/srv/reset_counter.h
[2.073s] -- Installing: /home/omi/my_service_ws/install/my_service_interfaces/include/my_service_interfaces/my_service_interfaces/srv/detail
[2.073s] -- Installing: /home/omi/my_service_ws/install/my_service_interfaces/include/my_service_interfaces/my_service_interfaces/srv/detail/reset_counter__struct.h
[2.073s] -- Installing: /home/omi/my_service_ws/install/my_service_interfaces/include/my_service_interfaces/my_service_interfaces/srv/detail/reset_counter__functions.h
[2.073s] -- Installing: /home/omi/my_service_ws/install/my_service_interfaces/include/my_service_interfaces/my_service_interfaces/srv/detail/reset_counter__functions.c
[2.073s] -- Installing: /home/omi/my_service_ws/install/my_service_interfaces/include/my_service_interfaces/my_service_interfaces/srv/detail/reset_counter__type_support.h
[2.073s] -- Installing: /home/omi/my_service_ws/install/my_service_interfaces/include/my_service_interfaces/my_service_interfaces/msg
[2.073s] -- Installing: /home/omi/my_service_ws/install/my_service_interfaces/include/my_service_interfaces/my_service_interfaces/msg/rosidl_generator_c__visibility_control.h
[2.073s] -- Installing: /home/omi/my_service_ws/install/my_service_interfaces/share/my_service_interfaces/environment/library_path.sh
[2.073s] -- Installing: /home/omi/my_service_ws/install/my_service_interfaces/share/my_service_interfaces/environment/library_path.dsv
[2.073s] -- Installing: /home/omi/my_service_ws/install/my_service_interfaces/lib/libmy_service_interfaces__rosidl_generator_c.so
[2.073s] -- Set runtime path of "/home/omi/my_service_ws/install/my_service_interfaces/lib/libmy_service_interfaces__rosidl_generator_c.so" to ""
[2.073s] -- Up-to-date: /home/omi/my_service_ws/install/my_service_interfaces/include/my_service_interfaces/my_service_interfaces
[2.073s] -- Up-to-date: /home/omi/my_service_ws/install/my_service_interfaces/include/my_service_interfaces/my_service_interfaces/srv
[2.073s] -- Up-to-date: /home/omi/my_service_ws/install/my_service_interfaces/include/my_service_interfaces/my_service_interfaces/srv/detail
[2.074s] -- Installing: /home/omi/my_service_ws/install/my_service_interfaces/include/my_service_interfaces/my_service_interfaces/srv/detail/reset_counter__rosidl_typesupport_fastrtps_c.h
[2.074s] -- Up-to-date: /home/omi/my_service_ws/install/my_service_interfaces/include/my_service_interfaces/my_service_interfaces/msg
[2.074s] -- Installing: /home/omi/my_service_ws/install/my_service_interfaces/include/my_service_interfaces/my_service_interfaces/msg/rosidl_typesupport_fastrtps_c__visibility_control.h
[2.074s] -- Installing: /home/omi/my_service_ws/install/my_service_interfaces/lib/libmy_service_interfaces__rosidl_typesupport_fastrtps_c.so
[2.074s] -- Set runtime path of "/home/omi/my_service_ws/install/my_service_interfaces/lib/libmy_service_interfaces__rosidl_typesupport_fastrtps_c.so" to ""
[2.074s] -- Up-to-date: /home/omi/my_service_ws/install/my_service_interfaces/include/my_service_interfaces/my_service_interfaces
[2.074s] -- Up-to-date: /home/omi/my_service_ws/install/my_service_interfaces/include/my_service_interfaces/my_service_interfaces/srv
[2.074s] -- Up-to-date: /home/omi/my_service_ws/install/my_service_interfaces/include/my_service_interfaces/my_service_interfaces/srv/detail
[2.074s] -- Installing: /home/omi/my_service_ws/install/my_service_interfaces/include/my_service_interfaces/my_service_interfaces/srv/detail/reset_counter__rosidl_typesupport_introspection_c.h
[2.074s] -- Installing: /home/omi/my_service_ws/install/my_service_interfaces/include/my_service_interfaces/my_service_interfaces/srv/detail/reset_counter__type_support.c
[2.074s] -- Up-to-date: /home/omi/my_service_ws/install/my_service_interfaces/include/my_service_interfaces/my_service_interfaces/msg
[2.074s] -- Installing: /home/omi/my_service_ws/install/my_service_interfaces/include/my_service_interfaces/my_service_interfaces/msg/rosidl_typesupport_introspection_c__visibility_control.h
[2.074s] -- Installing: /home/omi/my_service_ws/install/my_service_interfaces/lib/libmy_service_interfaces__rosidl_typesupport_introspection_c.so
[2.074s] -- Set runtime path of "/home/omi/my_service_ws/install/my_service_interfaces/lib/libmy_service_interfaces__rosidl_typesupport_introspection_c.so" to ""
[2.074s] -- Installing: /home/omi/my_service_ws/install/my_service_interfaces/lib/libmy_service_interfaces__rosidl_typesupport_c.so
[2.074s] -- Set runtime path of "/home/omi/my_service_ws/install/my_service_interfaces/lib/libmy_service_interfaces__rosidl_typesupport_c.so" to ""
[2.074s] -- Up-to-date: /home/omi/my_service_ws/install/my_service_interfaces/include/my_service_interfaces/my_service_interfaces
[2.074s] -- Up-to-date: /home/omi/my_service_ws/install/my_service_interfaces/include/my_service_interfaces/my_service_interfaces/srv
[2.074s] -- Up-to-date: /home/omi/my_service_ws/install/my_service_interfaces/include/my_service_interfaces/my_service_interfaces/srv/detail
[2.074s] -- Installing: /home/omi/my_service_ws/install/my_service_interfaces/include/my_service_interfaces/my_service_interfaces/srv/detail/reset_counter__type_support.hpp
[2.074s] -- Installing: /home/omi/my_service_ws/install/my_service_interfaces/include/my_service_interfaces/my_service_interfaces/srv/detail/reset_counter__traits.hpp
[2.075s] -- Installing: /home/omi/my_service_ws/install/my_service_interfaces/include/my_service_interfaces/my_service_interfaces/srv/detail/reset_counter__builder.hpp
[2.075s] -- Installing: /home/omi/my_service_ws/install/my_service_interfaces/include/my_service_interfaces/my_service_interfaces/srv/detail/reset_counter__struct.hpp
[2.075s] -- Installing: /home/omi/my_service_ws/install/my_service_interfaces/include/my_service_interfaces/my_service_interfaces/srv/reset_counter.hpp
[2.075s] -- Up-to-date: /home/omi/my_service_ws/install/my_service_interfaces/include/my_service_interfaces/my_service_interfaces/msg
[2.075s] -- Installing: /home/omi/my_service_ws/install/my_service_interfaces/include/my_service_interfaces/my_service_interfaces/msg/rosidl_generator_cpp__visibility_control.hpp
[2.075s] -- Up-to-date: /home/omi/my_service_ws/install/my_service_interfaces/include/my_service_interfaces/my_service_interfaces
[2.075s] -- Up-to-date: /home/omi/my_service_ws/install/my_service_interfaces/include/my_service_interfaces/my_service_interfaces/srv
[2.075s] -- Up-to-date: /home/omi/my_service_ws/install/my_service_interfaces/include/my_service_interfaces/my_service_interfaces/srv/detail
[2.075s] -- Installing: /home/omi/my_service_ws/install/my_service_interfaces/include/my_service_interfaces/my_service_interfaces/srv/detail/dds_fastrtps
[2.075s] -- Installing: /home/omi/my_service_ws/install/my_service_interfaces/include/my_service_interfaces/my_service_interfaces/srv/detail/reset_counter__rosidl_typesupport_fastrtps_cpp.hpp
[2.075s] -- Up-to-date: /home/omi/my_service_ws/install/my_service_interfaces/include/my_service_interfaces/my_service_interfaces/msg
[2.075s] -- Installing: /home/omi/my_service_ws/install/my_service_interfaces/include/my_service_interfaces/my_service_interfaces/msg/rosidl_typesupport_fastrtps_cpp__visibility_control.h
[2.075s] -- Installing: /home/omi/my_service_ws/install/my_service_interfaces/lib/libmy_service_interfaces__rosidl_typesupport_fastrtps_cpp.so
[2.075s] -- Set runtime path of "/home/omi/my_service_ws/install/my_service_interfaces/lib/libmy_service_interfaces__rosidl_typesupport_fastrtps_cpp.so" to ""
[2.075s] -- Up-to-date: /home/omi/my_service_ws/install/my_service_interfaces/include/my_service_interfaces/my_service_interfaces
[2.075s] -- Up-to-date: /home/omi/my_service_ws/install/my_service_interfaces/include/my_service_interfaces/my_service_interfaces/srv
[2.075s] -- Up-to-date: /home/omi/my_service_ws/install/my_service_interfaces/include/my_service_interfaces/my_service_interfaces/srv/detail
[2.075s] -- Installing: /home/omi/my_service_ws/install/my_service_interfaces/include/my_service_interfaces/my_service_interfaces/srv/detail/reset_counter__rosidl_typesupport_introspection_cpp.hpp
[2.075s] -- Installing: /home/omi/my_service_ws/install/my_service_interfaces/include/my_service_interfaces/my_service_interfaces/srv/detail/reset_counter__type_support.cpp
[2.075s] -- Installing: /home/omi/my_service_ws/install/my_service_interfaces/lib/libmy_service_interfaces__rosidl_typesupport_introspection_cpp.so
[2.075s] -- Set runtime path of "/home/omi/my_service_ws/install/my_service_interfaces/lib/libmy_service_interfaces__rosidl_typesupport_introspection_cpp.so" to ""
[2.075s] -- Installing: /home/omi/my_service_ws/install/my_service_interfaces/lib/libmy_service_interfaces__rosidl_typesupport_cpp.so
[2.075s] -- Set runtime path of "/home/omi/my_service_ws/install/my_service_interfaces/lib/libmy_service_interfaces__rosidl_typesupport_cpp.so" to ""
[2.075s] -- Installing: /home/omi/my_service_ws/install/my_service_interfaces/share/my_service_interfaces/environment/pythonpath.sh
[2.075s] -- Installing: /home/omi/my_service_ws/install/my_service_interfaces/share/my_service_interfaces/environment/pythonpath.dsv
[2.075s] -- Installing: /home/omi/my_service_ws/install/my_service_interfaces/local/lib/python3.10/dist-packages/my_service_interfaces-0.0.0-py3.10.egg-info
[2.076s] -- Installing: /home/omi/my_service_ws/install/my_service_interfaces/local/lib/python3.10/dist-packages/my_service_interfaces-0.0.0-py3.10.egg-info/dependency_links.txt
[2.076s] -- Installing: /home/omi/my_service_ws/install/my_service_interfaces/local/lib/python3.10/dist-packages/my_service_interfaces-0.0.0-py3.10.egg-info/SOURCES.txt
[2.076s] -- Installing: /home/omi/my_service_ws/install/my_service_interfaces/local/lib/python3.10/dist-packages/my_service_interfaces-0.0.0-py3.10.egg-info/top_level.txt
[2.076s] -- Installing: /home/omi/my_service_ws/install/my_service_interfaces/local/lib/python3.10/dist-packages/my_service_interfaces-0.0.0-py3.10.egg-info/PKG-INFO
[2.076s] -- Installing: /home/omi/my_service_ws/install/my_service_interfaces/local/lib/python3.10/dist-packages/my_service_interfaces
[2.076s] -- Installing: /home/omi/my_service_ws/install/my_service_interfaces/local/lib/python3.10/dist-packages/my_service_interfaces/__init__.py
[2.076s] -- Installing: /home/omi/my_service_ws/install/my_service_interfaces/local/lib/python3.10/dist-packages/my_service_interfaces/my_service_interfaces_s__rosidl_typesupport_c.cpython-310-x86_64-linux-gnu.so
[2.076s] -- Installing: /home/omi/my_service_ws/install/my_service_interfaces/local/lib/python3.10/dist-packages/my_service_interfaces/srv
[2.076s] -- Installing: /home/omi/my_service_ws/install/my_service_interfaces/local/lib/python3.10/dist-packages/my_service_interfaces/srv/__init__.py
[2.076s] -- Installing: /home/omi/my_service_ws/install/my_service_interfaces/local/lib/python3.10/dist-packages/my_service_interfaces/srv/_reset_counter_s.c
[2.076s] -- Installing: /home/omi/my_service_ws/install/my_service_interfaces/local/lib/python3.10/dist-packages/my_service_interfaces/srv/_reset_counter.py
[2.076s] -- Installing: /home/omi/my_service_ws/install/my_service_interfaces/local/lib/python3.10/dist-packages/my_service_interfaces/libmy_service_interfaces__rosidl_generator_py.so
[2.076s] -- Installing: /home/omi/my_service_ws/install/my_service_interfaces/local/lib/python3.10/dist-packages/my_service_interfaces/_my_service_interfaces_s.ep.rosidl_typesupport_fastrtps_c.c
[2.076s] -- Installing: /home/omi/my_service_ws/install/my_service_interfaces/local/lib/python3.10/dist-packages/my_service_interfaces/my_service_interfaces_s__rosidl_typesupport_introspection_c.cpython-310-x86_64-linux-gnu.so
[2.076s] -- Installing: /home/omi/my_service_ws/install/my_service_interfaces/local/lib/python3.10/dist-packages/my_service_interfaces/my_service_interfaces_s__rosidl_typesupport_fastrtps_c.cpython-310-x86_64-linux-gnu.so
[2.076s] -- Installing: /home/omi/my_service_ws/install/my_service_interfaces/local/lib/python3.10/dist-packages/my_service_interfaces/_my_service_interfaces_s.ep.rosidl_typesupport_introspection_c.c
[2.076s] -- Installing: /home/omi/my_service_ws/install/my_service_interfaces/local/lib/python3.10/dist-packages/my_service_interfaces/_my_service_interfaces_s.ep.rosidl_typesupport_c.c
[2.098s] Listing '/home/omi/my_service_ws/install/my_service_interfaces/local/lib/python3.10/dist-packages/my_service_interfaces'...
[2.098s] Compiling '/home/omi/my_service_ws/install/my_service_interfaces/local/lib/python3.10/dist-packages/my_service_interfaces/__init__.py'...
[2.098s] Listing '/home/omi/my_service_ws/install/my_service_interfaces/local/lib/python3.10/dist-packages/my_service_interfaces/srv'...
[2.098s] Compiling '/home/omi/my_service_ws/install/my_service_interfaces/local/lib/python3.10/dist-packages/my_service_interfaces/srv/__init__.py'...
[2.098s] Compiling '/home/omi/my_service_ws/install/my_service_interfaces/local/lib/python3.10/dist-packages/my_service_interfaces/srv/_reset_counter.py'...
[2.101s] -- Installing: /home/omi/my_service_ws/install/my_service_interfaces/local/lib/python3.10/dist-packages/my_service_interfaces/my_service_interfaces_s__rosidl_typesupport_fastrtps_c.cpython-310-x86_64-linux-gnu.so
[2.101s] -- Set runtime path of "/home/omi/my_service_ws/install/my_service_interfaces/local/lib/python3.10/dist-packages/my_service_interfaces/my_service_interfaces_s__rosidl_typesupport_fastrtps_c.cpython-310-x86_64-linux-gnu.so" to ""
[2.101s] -- Installing: /home/omi/my_service_ws/install/my_service_interfaces/local/lib/python3.10/dist-packages/my_service_interfaces/my_service_interfaces_s__rosidl_typesupport_introspection_c.cpython-310-x86_64-linux-gnu.so
[2.101s] -- Set runtime path of "/home/omi/my_service_ws/install/my_service_interfaces/local/lib/python3.10/dist-packages/my_service_interfaces/my_service_interfaces_s__rosidl_typesupport_introspection_c.cpython-310-x86_64-linux-gnu.so" to ""
[2.101s] -- Installing: /home/omi/my_service_ws/install/my_service_interfaces/local/lib/python3.10/dist-packages/my_service_interfaces/my_service_interfaces_s__rosidl_typesupport_c.cpython-310-x86_64-linux-gnu.so
[2.101s] -- Set runtime path of "/home/omi/my_service_ws/install/my_service_interfaces/local/lib/python3.10/dist-packages/my_service_interfaces/my_service_interfaces_s__rosidl_typesupport_c.cpython-310-x86_64-linux-gnu.so" to ""
[2.101s] -- Installing: /home/omi/my_service_ws/install/my_service_interfaces/lib/libmy_service_interfaces__rosidl_generator_py.so
[2.101s] -- Set runtime path of "/home/omi/my_service_ws/install/my_service_interfaces/lib/libmy_service_interfaces__rosidl_generator_py.so" to ""
[2.101s] -- Installing: /home/omi/my_service_ws/install/my_service_interfaces/share/ament_index/resource_index/rust_packages/my_service_interfaces
[2.101s] -- Installing: /home/omi/my_service_ws/install/my_service_interfaces/share/my_service_interfaces/rust
[2.102s] -- Installing: /home/omi/my_service_ws/install/my_service_interfaces/share/my_service_interfaces/rust/Cargo.toml
[2.102s] -- Installing: /home/omi/my_service_ws/install/my_service_interfaces/share/my_service_interfaces/rust/build.rs
[2.102s] -- Installing: /home/omi/my_service_ws/install/my_service_interfaces/share/my_service_interfaces/rust/src
[2.102s] -- Installing: /home/omi/my_service_ws/install/my_service_interfaces/share/my_service_interfaces/rust/src/srv
[2.102s] -- Installing: /home/omi/my_service_ws/install/my_service_interfaces/share/my_service_interfaces/rust/src/srv/rmw.rs
[2.102s] -- Installing: /home/omi/my_service_ws/install/my_service_interfaces/share/my_service_interfaces/rust/src/srv.rs
[2.102s] -- Installing: /home/omi/my_service_ws/install/my_service_interfaces/share/my_service_interfaces/rust/src/lib.rs
[2.102s] -- Installing: /home/omi/my_service_ws/install/my_service_interfaces/share/my_service_interfaces/srv/ResetCounter.idl
[2.102s] -- Installing: /home/omi/my_service_ws/install/my_service_interfaces/share/my_service_interfaces/srv/ResetCounter.srv
[2.102s] -- Installing: /home/omi/my_service_ws/install/my_service_interfaces/share/my_service_interfaces/srv/ResetCounter_Request.msg
[2.102s] -- Installing: /home/omi/my_service_ws/install/my_service_interfaces/share/my_service_interfaces/srv/ResetCounter_Response.msg
[2.102s] -- Installing: /home/omi/my_service_ws/install/my_service_interfaces/share/ament_index/resource_index/package_run_dependencies/my_service_interfaces
[2.102s] -- Installing: /home/omi/my_service_ws/install/my_service_interfaces/share/ament_index/resource_index/parent_prefix_path/my_service_interfaces
[2.102s] -- Installing: /home/omi/my_service_ws/install/my_service_interfaces/share/my_service_interfaces/environment/ament_prefix_path.sh
[2.102s] -- Installing: /home/omi/my_service_ws/install/my_service_interfaces/share/my_service_interfaces/environment/ament_prefix_path.dsv
[2.102s] -- Installing: /home/omi/my_service_ws/install/my_service_interfaces/share/my_service_interfaces/environment/path.sh
[2.102s] -- Installing: /home/omi/my_service_ws/install/my_service_interfaces/share/my_service_interfaces/environment/path.dsv
[2.102s] -- Installing: /home/omi/my_service_ws/install/my_service_interfaces/share/my_service_interfaces/local_setup.bash
[2.102s] -- Installing: /home/omi/my_service_ws/install/my_service_interfaces/share/my_service_interfaces/local_setup.sh
[2.102s] -- Installing: /home/omi/my_service_ws/install/my_service_interfaces/share/my_service_interfaces/local_setup.zsh
[2.102s] -- Installing: /home/omi/my_service_ws/install/my_service_interfaces/share/my_service_interfaces/local_setup.dsv
[2.102s] -- Installing: /home/omi/my_service_ws/install/my_service_interfaces/share/my_service_interfaces/package.dsv
[2.102s] -- Installing: /home/omi/my_service_ws/install/my_service_interfaces/share/ament_index/resource_index/packages/my_service_interfaces
[2.102s] -- Installing: /home/omi/my_service_ws/install/my_service_interfaces/share/my_service_interfaces/cmake/export_my_service_interfaces__rosidl_generator_cExport.cmake
[2.102s] -- Installing: /home/omi/my_service_ws/install/my_service_interfaces/share/my_service_interfaces/cmake/export_my_service_interfaces__rosidl_generator_cExport-noconfig.cmake
[2.103s] -- Installing: /home/omi/my_service_ws/install/my_service_interfaces/share/my_service_interfaces/cmake/export_my_service_interfaces__rosidl_typesupport_fastrtps_cExport.cmake
[2.103s] -- Installing: /home/omi/my_service_ws/install/my_service_interfaces/share/my_service_interfaces/cmake/export_my_service_interfaces__rosidl_typesupport_fastrtps_cExport-noconfig.cmake
[2.103s] -- Installing: /home/omi/my_service_ws/install/my_service_interfaces/share/my_service_interfaces/cmake/my_service_interfaces__rosidl_typesupport_introspection_cExport.cmake
[2.103s] -- Installing: /home/omi/my_service_ws/install/my_service_interfaces/share/my_service_interfaces/cmake/my_service_interfaces__rosidl_typesupport_introspection_cExport-noconfig.cmake
[2.103s] -- Installing: /home/omi/my_service_ws/install/my_service_interfaces/share/my_service_interfaces/cmake/my_service_interfaces__rosidl_typesupport_cExport.cmake
[2.103s] -- Installing: /home/omi/my_service_ws/install/my_service_interfaces/share/my_service_interfaces/cmake/my_service_interfaces__rosidl_typesupport_cExport-noconfig.cmake
[2.103s] -- Installing: /home/omi/my_service_ws/install/my_service_interfaces/share/my_service_interfaces/cmake/export_my_service_interfaces__rosidl_generator_cppExport.cmake
[2.103s] -- Installing: /home/omi/my_service_ws/install/my_service_interfaces/share/my_service_interfaces/cmake/export_my_service_interfaces__rosidl_typesupport_fastrtps_cppExport.cmake
[2.103s] -- Installing: /home/omi/my_service_ws/install/my_service_interfaces/share/my_service_interfaces/cmake/export_my_service_interfaces__rosidl_typesupport_fastrtps_cppExport-noconfig.cmake
[2.103s] -- Installing: /home/omi/my_service_ws/install/my_service_interfaces/share/my_service_interfaces/cmake/my_service_interfaces__rosidl_typesupport_introspection_cppExport.cmake
[2.103s] -- Installing: /home/omi/my_service_ws/install/my_service_interfaces/share/my_service_interfaces/cmake/my_service_interfaces__rosidl_typesupport_introspection_cppExport-noconfig.cmake
[2.103s] -- Installing: /home/omi/my_service_ws/install/my_service_interfaces/share/my_service_interfaces/cmake/my_service_interfaces__rosidl_typesupport_cppExport.cmake
[2.103s] -- Installing: /home/omi/my_service_ws/install/my_service_interfaces/share/my_service_interfaces/cmake/my_service_interfaces__rosidl_typesupport_cppExport-noconfig.cmake
[2.103s] -- Installing: /home/omi/my_service_ws/install/my_service_interfaces/share/my_service_interfaces/cmake/export_my_service_interfaces__rosidl_generator_pyExport.cmake
[2.103s] -- Installing: /home/omi/my_service_ws/install/my_service_interfaces/share/my_service_interfaces/cmake/export_my_service_interfaces__rosidl_generator_pyExport-noconfig.cmake
[2.103s] -- Installing: /home/omi/my_service_ws/install/my_service_interfaces/share/my_service_interfaces/cmake/rosidl_cmake-extras.cmake
[2.103s] -- Installing: /home/omi/my_service_ws/install/my_service_interfaces/share/my_service_interfaces/cmake/ament_cmake_export_include_directories-extras.cmake
[2.103s] -- Installing: /home/omi/my_service_ws/install/my_service_interfaces/share/my_service_interfaces/cmake/ament_cmake_export_libraries-extras.cmake
[2.103s] -- Installing: /home/omi/my_service_ws/install/my_service_interfaces/share/my_service_interfaces/cmake/ament_cmake_export_targets-extras.cmake
[2.103s] -- Installing: /home/omi/my_service_ws/install/my_service_interfaces/share/my_service_interfaces/cmake/rosidl_cmake_export_typesupport_targets-extras.cmake
[2.103s] -- Installing: /home/omi/my_service_ws/install/my_service_interfaces/share/my_service_interfaces/cmake/ament_cmake_export_dependencies-extras.cmake
[2.103s] -- Installing: /home/omi/my_service_ws/install/my_service_interfaces/share/my_service_interfaces/cmake/rosidl_cmake_export_typesupport_libraries-extras.cmake
[2.103s] -- Installing: /home/omi/my_service_ws/install/my_service_interfaces/share/my_service_interfaces/cmake/my_service_interfacesConfig.cmake
[2.104s] -- Installing: /home/omi/my_service_ws/install/my_service_interfaces/share/my_service_interfaces/cmake/my_service_interfacesConfig-version.cmake
[2.104s] -- Installing: /home/omi/my_service_ws/install/my_service_interfaces/share/my_service_interfaces/package.xml
[2.105s] Invoked command in '/home/omi/my_service_ws/build/my_service_interfaces' returned '0': CMAKE_PREFIX_PATH=${CMAKE_PREFIX_PATH}:/home/omi/ws_dec2/install/samplebot_description:/home/omi/ws_dec2/install/bot_slam:/home/omi/ws_dec2/install/bot_nav:/opt/ros/humble /usr/bin/cmake --install /home/omi/my_service_ws/build/my_service_interfaces
