running egg_info
creating ../../build/my_service_pkg/my_service_pkg.egg-info
writing ../../build/my_service_pkg/my_service_pkg.egg-info/PKG-INFO
writing dependency_links to ../../build/my_service_pkg/my_service_pkg.egg-info/dependency_links.txt
writing entry points to ../../build/my_service_pkg/my_service_pkg.egg-info/entry_points.txt
writing requirements to ../../build/my_service_pkg/my_service_pkg.egg-info/requires.txt
writing top-level names to ../../build/my_service_pkg/my_service_pkg.egg-info/top_level.txt
writing manifest file '../../build/my_service_pkg/my_service_pkg.egg-info/SOURCES.txt'
reading manifest file '../../build/my_service_pkg/my_service_pkg.egg-info/SOURCES.txt'
writing manifest file '../../build/my_service_pkg/my_service_pkg.egg-info/SOURCES.txt'
running build
running build_py
creating /home/omi/my_service_ws/build/my_service_pkg/build
creating /home/omi/my_service_ws/build/my_service_pkg/build/lib
creating /home/omi/my_service_ws/build/my_service_pkg/build/lib/my_service_pkg
copying my_service_pkg/reset_counter_server.py -> /home/omi/my_service_ws/build/my_service_pkg/build/lib/my_service_pkg
copying my_service_pkg/__init__.py -> /home/omi/my_service_ws/build/my_service_pkg/build/lib/my_service_pkg
copying my_service_pkg/reset_counter_client.py -> /home/omi/my_service_ws/build/my_service_pkg/build/lib/my_service_pkg
running install
running install_lib
creating /home/omi/my_service_ws/install/my_service_pkg/lib/python3.10/site-packages/my_service_pkg
copying /home/omi/my_service_ws/build/my_service_pkg/build/lib/my_service_pkg/reset_counter_server.py -> /home/omi/my_service_ws/install/my_service_pkg/lib/python3.10/site-packages/my_service_pkg
copying /home/omi/my_service_ws/build/my_service_pkg/build/lib/my_service_pkg/__init__.py -> /home/omi/my_service_ws/install/my_service_pkg/lib/python3.10/site-packages/my_service_pkg
copying /home/omi/my_service_ws/build/my_service_pkg/build/lib/my_service_pkg/reset_counter_client.py -> /home/omi/my_service_ws/install/my_service_pkg/lib/python3.10/site-packages/my_service_pkg
byte-compiling /home/omi/my_service_ws/install/my_service_pkg/lib/python3.10/site-packages/my_service_pkg/reset_counter_server.py to reset_counter_server.cpython-310.pyc
byte-compiling /home/omi/my_service_ws/install/my_service_pkg/lib/python3.10/site-packages/my_service_pkg/__init__.py to __init__.cpython-310.pyc
byte-compiling /home/omi/my_service_ws/install/my_service_pkg/lib/python3.10/site-packages/my_service_pkg/reset_counter_client.py to reset_counter_client.cpython-310.pyc
running install_egg_info
Copying ../../build/my_service_pkg/my_service_pkg.egg-info to /home/omi/my_service_ws/install/my_service_pkg/lib/python3.10/site-packages/my_service_pkg-0.0.0-py3.10.egg-info
running install_scripts
Installing reset_counter_client script to /home/omi/my_service_ws/install/my_service_pkg/lib/my_service_pkg
Installing reset_counter_server script to /home/omi/my_service_ws/install/my_service_pkg/lib/my_service_pkg
writing list of installed files to '/home/omi/my_service_ws/build/my_service_pkg/install.log'
