[0.335s] Invoking command in '/home/omi/my_service_ws/src/my_service_pkg': AMENT_PREFIX_PATH=/home/omi/my_service_ws/install/my_service_interfaces:${AMENT_PREFIX_PATH} CMAKE_PREFIX_PATH=/home/omi/my_service_ws/install/my_service_interfaces:${CMAKE_PREFIX_PATH} LD_LIBRARY_PATH=/home/omi/my_service_ws/install/my_service_interfaces/lib:${LD_LIBRARY_PATH} PYTHONPATH=/home/omi/my_service_ws/build/my_service_pkg/prefix_override:/usr/lib/python3/dist-packages/colcon_core/task/python/colcon_distutils_commands:/home/omi/my_service_ws/install/my_service_pkg/lib/python3.10/site-packages:/home/omi/my_service_ws/install/my_service_interfaces/local/lib/python3.10/dist-packages:${PYTHONPATH} /usr/bin/python3 -W ignore:setup.py install is deprecated -W ignore:easy_install command is deprecated setup.py egg_info --egg-base ../../build/my_service_pkg build --build-base /home/omi/my_service_ws/build/my_service_pkg/build install --record /home/omi/my_service_ws/build/my_service_pkg/install.log --single-version-externally-managed
[0.463s] running egg_info
[0.463s] creating ../../build/my_service_pkg/my_service_pkg.egg-info
[0.463s] writing ../../build/my_service_pkg/my_service_pkg.egg-info/PKG-INFO
[0.463s] writing dependency_links to ../../build/my_service_pkg/my_service_pkg.egg-info/dependency_links.txt
[0.463s] writing entry points to ../../build/my_service_pkg/my_service_pkg.egg-info/entry_points.txt
[0.464s] writing requirements to ../../build/my_service_pkg/my_service_pkg.egg-info/requires.txt
[0.464s] writing top-level names to ../../build/my_service_pkg/my_service_pkg.egg-info/top_level.txt
[0.464s] writing manifest file '../../build/my_service_pkg/my_service_pkg.egg-info/SOURCES.txt'
[0.464s] reading manifest file '../../build/my_service_pkg/my_service_pkg.egg-info/SOURCES.txt'
[0.465s] writing manifest file '../../build/my_service_pkg/my_service_pkg.egg-info/SOURCES.txt'
[0.465s] running build
[0.465s] running build_py
[0.465s] creating /home/omi/my_service_ws/build/my_service_pkg/build
[0.465s] creating /home/omi/my_service_ws/build/my_service_pkg/build/lib
[0.465s] creating /home/omi/my_service_ws/build/my_service_pkg/build/lib/my_service_pkg
[0.465s] copying my_service_pkg/reset_counter_server.py -> /home/omi/my_service_ws/build/my_service_pkg/build/lib/my_service_pkg
[0.465s] copying my_service_pkg/__init__.py -> /home/omi/my_service_ws/build/my_service_pkg/build/lib/my_service_pkg
[0.465s] copying my_service_pkg/reset_counter_client.py -> /home/omi/my_service_ws/build/my_service_pkg/build/lib/my_service_pkg
[0.465s] running install
[0.465s] running install_lib
[0.465s] creating /home/omi/my_service_ws/install/my_service_pkg/lib/python3.10/site-packages/my_service_pkg
[0.465s] copying /home/omi/my_service_ws/build/my_service_pkg/build/lib/my_service_pkg/reset_counter_server.py -> /home/omi/my_service_ws/install/my_service_pkg/lib/python3.10/site-packages/my_service_pkg
[0.465s] copying /home/omi/my_service_ws/build/my_service_pkg/build/lib/my_service_pkg/__init__.py -> /home/omi/my_service_ws/install/my_service_pkg/lib/python3.10/site-packages/my_service_pkg
[0.465s] copying /home/omi/my_service_ws/build/my_service_pkg/build/lib/my_service_pkg/reset_counter_client.py -> /home/omi/my_service_ws/install/my_service_pkg/lib/python3.10/site-packages/my_service_pkg
[0.466s] byte-compiling /home/omi/my_service_ws/install/my_service_pkg/lib/python3.10/site-packages/my_service_pkg/reset_counter_server.py to reset_counter_server.cpython-310.pyc
[0.466s] byte-compiling /home/omi/my_service_ws/install/my_service_pkg/lib/python3.10/site-packages/my_service_pkg/__init__.py to __init__.cpython-310.pyc
[0.466s] byte-compiling /home/omi/my_service_ws/install/my_service_pkg/lib/python3.10/site-packages/my_service_pkg/reset_counter_client.py to reset_counter_client.cpython-310.pyc
[0.466s] running install_egg_info
[0.467s] Copying ../../build/my_service_pkg/my_service_pkg.egg-info to /home/omi/my_service_ws/install/my_service_pkg/lib/python3.10/site-packages/my_service_pkg-0.0.0-py3.10.egg-info
[0.467s] running install_scripts
[0.479s] Installing reset_counter_client script to /home/omi/my_service_ws/install/my_service_pkg/lib/my_service_pkg
[0.479s] Installing reset_counter_server script to /home/omi/my_service_ws/install/my_service_pkg/lib/my_service_pkg
[0.480s] writing list of installed files to '/home/omi/my_service_ws/build/my_service_pkg/install.log'
[0.493s] Invoked command in '/home/omi/my_service_ws/src/my_service_pkg' returned '0': AMENT_PREFIX_PATH=/home/omi/my_service_ws/install/my_service_interfaces:${AMENT_PREFIX_PATH} CMAKE_PREFIX_PATH=/home/omi/my_service_ws/install/my_service_interfaces:${CMAKE_PREFIX_PATH} LD_LIBRARY_PATH=/home/omi/my_service_ws/install/my_service_interfaces/lib:${LD_LIBRARY_PATH} PYTHONPATH=/home/omi/my_service_ws/build/my_service_pkg/prefix_override:/usr/lib/python3/dist-packages/colcon_core/task/python/colcon_distutils_commands:/home/omi/my_service_ws/install/my_service_pkg/lib/python3.10/site-packages:/home/omi/my_service_ws/install/my_service_interfaces/local/lib/python3.10/dist-packages:${PYTHONPATH} /usr/bin/python3 -W ignore:setup.py install is deprecated -W ignore:easy_install command is deprecated setup.py egg_info --egg-base ../../build/my_service_pkg build --build-base /home/omi/my_service_ws/build/my_service_pkg/build install --record /home/omi/my_service_ws/build/my_service_pkg/install.log --single-version-externally-managed
